0 info it worked if it ends with ok
1 verbose cli [ '/usr/bin/node', '/usr/bin/npm', 'run', 'cypress:headless' ]
2 info using npm@3.5.2
3 info using node@v8.10.0
4 verbose run-script [ 'precypress:headless',
4 verbose run-script   'cypress:headless',
4 verbose run-script   'postcypress:headless' ]
5 info lifecycle GameOnline@1.0.0~precypress:headless: GameOnline@1.0.0
6 silly lifecycle GameOnline@1.0.0~precypress:headless: no script for precypress:headless, continuing
7 info lifecycle GameOnline@1.0.0~cypress:headless: GameOnline@1.0.0
8 verbose lifecycle GameOnline@1.0.0~cypress:headless: unsafe-perm in lifecycle true
9 verbose lifecycle GameOnline@1.0.0~cypress:headless: PATH: /usr/share/npm/bin/node-gyp-bin:/home/leo/Desktop/Leo/Example-Files/Cypress/Level4-Game/node_modules/.bin:/usr/local/sbin:/usr/local/bin:/usr/sbin:/usr/bin:/sbin:/bin:/usr/games:/usr/local/games:/snap/bin
10 verbose lifecycle GameOnline@1.0.0~cypress:headless: CWD: /home/leo/Desktop/Leo/Example-Files/Cypress/Level4-Game
11 silly lifecycle GameOnline@1.0.0~cypress:headless: Args: [ '-c', 'cypress run --spec cypress/integration/*.spec.js' ]
12 silly lifecycle GameOnline@1.0.0~cypress:headless: Returned: code: 1  signal: null
13 info lifecycle GameOnline@1.0.0~cypress:headless: Failed to exec cypress:headless script
14 verbose stack Error: GameOnline@1.0.0 cypress:headless: `cypress run --spec cypress/integration/*.spec.js`
14 verbose stack Exit status 1
14 verbose stack     at EventEmitter.<anonymous> (/usr/share/npm/lib/utils/lifecycle.js:232:16)
14 verbose stack     at emitTwo (events.js:126:13)
14 verbose stack     at EventEmitter.emit (events.js:214:7)
14 verbose stack     at ChildProcess.<anonymous> (/usr/share/npm/lib/utils/spawn.js:24:14)
14 verbose stack     at emitTwo (events.js:126:13)
14 verbose stack     at ChildProcess.emit (events.js:214:7)
14 verbose stack     at maybeClose (internal/child_process.js:925:16)
14 verbose stack     at Process.ChildProcess._handle.onexit (internal/child_process.js:209:5)
15 verbose pkgid GameOnline@1.0.0
16 verbose cwd /home/leo/Desktop/Leo/Example-Files/Cypress/Level4-Game
17 error Linux 5.0.0-32-generic
18 error argv "/usr/bin/node" "/usr/bin/npm" "run" "cypress:headless"
19 error node v8.10.0
20 error npm  v3.5.2
21 error code ELIFECYCLE
22 error GameOnline@1.0.0 cypress:headless: `cypress run --spec cypress/integration/*.spec.js`
22 error Exit status 1
23 error Failed at the GameOnline@1.0.0 cypress:headless script 'cypress run --spec cypress/integration/*.spec.js'.
23 error Make sure you have the latest version of node.js and npm installed.
23 error If you do, this is most likely a problem with the GameOnline package,
23 error not with npm itself.
23 error Tell the author that this fails on your system:
23 error     cypress run --spec cypress/integration/*.spec.js
23 error You can get information on how to open an issue for this project with:
23 error     npm bugs GameOnline
23 error Or if that isn't available, you can get their info via:
23 error     npm owner ls GameOnline
23 error There is likely additional logging output above.
24 verbose exit [ 1, true ]
